<?xml version="1.0" encoding="UTF-8"?>
<!-- Generated by org.testng.reporters.JUnitXMLReporter -->
<testsuite hostname="Nicks-MacBook-Pro.local" name="Default test" tests="20" failures="0" timestamp="20 Nov 2016 22:40:44 GMT" time="25.243" errors="0">
  <testcase name="test01_addEmployees on null(test.TestDatabase)" time="1.579" classname="test.TestDatabase"/>
  <testcase name="test02_addProducts on null(test.TestDatabase)" time="4.719" classname="test.TestDatabase"/>
  <testcase name="test03_addCustomers on null(test.TestDatabase)" time="3.135" classname="test.TestDatabase"/>
  <testcase name="test04_addAccounts on null(test.TestDatabase)" time="1.422" classname="test.TestDatabase"/>
  <testcase name="test05_addComplaints on null(test.TestDatabase)" time="0.362" classname="test.TestDatabase"/>
  <testcase name="test06_addAccidents on null(test.TestDatabase)" time="0.252" classname="test.TestDatabase"/>
  <testcase name="test07_getDateAndTimeForProduct on null(test.TestDatabase)" time="0.127" classname="test.TestDatabase"/>
  <testcase name="test08_getProductsMadeByWorker on null(test.TestDatabase)" time="0.341" classname="test.TestDatabase"/>
  <testcase name="test09_getErrorByQC on null(test.TestDatabase)" time="0.275" classname="test.TestDatabase"/>
  <testcase name="test10_getCostProduct3RepairedBy on null(test.TestDatabase)" time="0.279" classname="test.TestDatabase"/>
  <testcase name="test11_getCustomerWhoPurchasedAllColor on null(test.TestDatabase)" time="0.214" classname="test.TestDatabase"/>
  <testcase name="test12_getWorkDaysLostFromRepairs on null(test.TestDatabase)" time="0.043" classname="test.TestDatabase"/>
  <testcase name="test13_getAllCustomersWhoAreWorkers on null(test.TestDatabase)" time="0.193" classname="test.TestDatabase"/>
  <testcase name="test14_customersPurchasedOwn on null(test.TestDatabase)" time="0.103" classname="test.TestDatabase"/>
  <testcase name="test15_averageCostProductYear on null(test.TestDatabase)" time="0.045" classname="test.TestDatabase"/>
  <testcase name="test16_switchTSandQC on null(test.TestDatabase)" time="0.274" classname="test.TestDatabase"/>
  <testcase name="test17_deleteAccidentsInRange on null(test.TestDatabase)" time="0.166" classname="test.TestDatabase"/>
  <testcase name="test19_export on null(test.TestDatabase)" time="0.193" classname="test.TestDatabase"/>
  <testcase name="test20_Error on null(test.TestDatabase)" time="0.351" classname="test.TestDatabase"/>
  <testcase name="test21_quit on null(test.TestDatabase)" time="3.086" classname="test.TestDatabase"/>
</testsuite> <!-- Default test -->
