<?xml version="1.0" encoding="UTF-8"?>
<!-- Generated by org.testng.reporters.JUnitXMLReporter -->
<testsuite hostname="Nicks-MacBook-Pro.local" name="Default test" tests="20" failures="0" timestamp="21 Nov 2016 02:52:44 GMT" time="0.261" errors="0">
  <testcase name="@BeforeClass setupDB" time="0.0" classname="test.TestDatabase">
    <failure type="java.lang.NullPointerException">
      <![CDATA[java.lang.NullPointerException
	at model.Database.clearData(Database.java:82)
	at test.TestDatabase.setupDB(TestDatabase.java:37)
	at sun.reflect.NativeMethodAccessorImpl.invoke0(Native Method)
	at sun.reflect.NativeMethodAccessorImpl.invoke(NativeMethodAccessorImpl.java:62)
	at sun.reflect.DelegatingMethodAccessorImpl.invoke(DelegatingMethodAccessorImpl.java:43)
	at java.lang.reflect.Method.invoke(Method.java:498)
	at org.testng.internal.MethodInvocationHelper.invokeMethod(MethodInvocationHelper.java:100)
	at org.testng.internal.Invoker.invokeConfigurationMethod(Invoker.java:515)
	at org.testng.internal.Invoker.invokeConfigurations(Invoker.java:216)
	at org.testng.internal.Invoker.invokeConfigurations(Invoker.java:143)
	at org.testng.internal.TestMethodWorker.invokeBeforeClassMethods(TestMethodWorker.java:169)
	at org.testng.internal.TestMethodWorker.run(TestMethodWorker.java:108)
	at org.testng.TestRunner.privateRun(TestRunner.java:753)
	at org.testng.TestRunner.run(TestRunner.java:607)
	at org.testng.SuiteRunner.runTest(SuiteRunner.java:368)
	at org.testng.SuiteRunner.runSequentially(SuiteRunner.java:363)
	at org.testng.SuiteRunner.privateRun(SuiteRunner.java:321)
	at org.testng.SuiteRunner.run(SuiteRunner.java:270)
	at org.testng.SuiteRunnerWorker.runSuite(SuiteRunnerWorker.java:52)
	at org.testng.SuiteRunnerWorker.run(SuiteRunnerWorker.java:86)
	at org.testng.TestNG.runSuitesSequentially(TestNG.java:1284)
	at org.testng.TestNG.runSuitesLocally(TestNG.java:1209)
	at org.testng.TestNG.runSuites(TestNG.java:1124)
	at org.testng.TestNG.run(TestNG.java:1096)
	at org.testng.remote.AbstractRemoteTestNG.run(AbstractRemoteTestNG.java:132)
	at org.testng.remote.RemoteTestNG.initAndRun(RemoteTestNG.java:236)
	at org.testng.remote.RemoteTestNG.main(RemoteTestNG.java:81)
]]>
    </failure>
  </testcase> <!-- @BeforeClass setupDB -->
  <testcase name="@AfterClass cleanupDB" time="0.0" classname="test.TestDatabase">
    <skipped/>
  </testcase> <!-- @AfterClass cleanupDB -->
  <testcase name="test01_addEmployees on null(test.TestDatabase)" time="0.002" classname="test.TestDatabase">
    <skipped/>
  </testcase> <!-- test01_addEmployees on null(test.TestDatabase) -->
  <testcase name="test02_addProducts on null(test.TestDatabase)" time="0.001" classname="test.TestDatabase">
    <skipped/>
  </testcase> <!-- test02_addProducts on null(test.TestDatabase) -->
  <testcase name="test03_addCustomers on null(test.TestDatabase)" time="0.001" classname="test.TestDatabase">
    <skipped/>
  </testcase> <!-- test03_addCustomers on null(test.TestDatabase) -->
  <testcase name="test04_addAccounts on null(test.TestDatabase)" time="0.001" classname="test.TestDatabase">
    <skipped/>
  </testcase> <!-- test04_addAccounts on null(test.TestDatabase) -->
  <testcase name="test05_addComplaints on null(test.TestDatabase)" time="0.001" classname="test.TestDatabase">
    <skipped/>
  </testcase> <!-- test05_addComplaints on null(test.TestDatabase) -->
  <testcase name="test06_addAccidents on null(test.TestDatabase)" time="0.001" classname="test.TestDatabase">
    <skipped/>
  </testcase> <!-- test06_addAccidents on null(test.TestDatabase) -->
  <testcase name="test07_getDateAndTimeForProduct on null(test.TestDatabase)" time="0.001" classname="test.TestDatabase">
    <skipped/>
  </testcase> <!-- test07_getDateAndTimeForProduct on null(test.TestDatabase) -->
  <testcase name="test08_getProductsMadeByWorker on null(test.TestDatabase)" time="0.001" classname="test.TestDatabase">
    <skipped/>
  </testcase> <!-- test08_getProductsMadeByWorker on null(test.TestDatabase) -->
  <testcase name="test09_getErrorByQC on null(test.TestDatabase)" time="0.0" classname="test.TestDatabase">
    <skipped/>
  </testcase> <!-- test09_getErrorByQC on null(test.TestDatabase) -->
  <testcase name="test10_getCostProduct3RepairedBy on null(test.TestDatabase)" time="0.001" classname="test.TestDatabase">
    <skipped/>
  </testcase> <!-- test10_getCostProduct3RepairedBy on null(test.TestDatabase) -->
  <testcase name="test11_getCustomerWhoPurchasedAllColor on null(test.TestDatabase)" time="0.001" classname="test.TestDatabase">
    <skipped/>
  </testcase> <!-- test11_getCustomerWhoPurchasedAllColor on null(test.TestDatabase) -->
  <testcase name="test12_getWorkDaysLostFromRepairs on null(test.TestDatabase)" time="0.001" classname="test.TestDatabase">
    <skipped/>
  </testcase> <!-- test12_getWorkDaysLostFromRepairs on null(test.TestDatabase) -->
  <testcase name="test13_getAllCustomersWhoAreWorkers on null(test.TestDatabase)" time="0.001" classname="test.TestDatabase">
    <skipped/>
  </testcase> <!-- test13_getAllCustomersWhoAreWorkers on null(test.TestDatabase) -->
  <testcase name="test14_customersPurchasedOwn on null(test.TestDatabase)" time="0.001" classname="test.TestDatabase">
    <skipped/>
  </testcase> <!-- test14_customersPurchasedOwn on null(test.TestDatabase) -->
  <testcase name="test15_averageCostProductYear on null(test.TestDatabase)" time="0.0" classname="test.TestDatabase">
    <skipped/>
  </testcase> <!-- test15_averageCostProductYear on null(test.TestDatabase) -->
  <testcase name="test16_switchTSandQC on null(test.TestDatabase)" time="0.001" classname="test.TestDatabase">
    <skipped/>
  </testcase> <!-- test16_switchTSandQC on null(test.TestDatabase) -->
  <testcase name="test17_deleteAccidentsInRange on null(test.TestDatabase)" time="0.0" classname="test.TestDatabase">
    <skipped/>
  </testcase> <!-- test17_deleteAccidentsInRange on null(test.TestDatabase) -->
  <testcase name="test19_export on null(test.TestDatabase)" time="0.001" classname="test.TestDatabase">
    <skipped/>
  </testcase> <!-- test19_export on null(test.TestDatabase) -->
  <testcase name="test20_Error on null(test.TestDatabase)" time="0.0" classname="test.TestDatabase">
    <skipped/>
  </testcase> <!-- test20_Error on null(test.TestDatabase) -->
  <testcase name="test21_quit on null(test.TestDatabase)" time="0.001" classname="test.TestDatabase">
    <skipped/>
  </testcase> <!-- test21_quit on null(test.TestDatabase) -->
</testsuite> <!-- Default test -->
