<?xml version="1.0" encoding="UTF-8"?>
<testng-results skipped="0" failed="0" total="20" passed="20">
  <reporter-output>
  </reporter-output>
  <suite name="Default suite" duration-ms="25243" started-at="2016-11-20T22:40:14Z" finished-at="2016-11-20T22:40:39Z">
    <groups>
    </groups>
    <test name="Default test" duration-ms="25243" started-at="2016-11-20T22:40:14Z" finished-at="2016-11-20T22:40:39Z">
      <class name="test.TestDatabase">
        <test-method status="PASS" signature="setupDB()[pri:0, instance:null(test.TestDatabase)]" name="setupDB" is-config="true" duration-ms="8033" started-at="2016-11-20T16:40:14Z" finished-at="2016-11-20T16:40:22Z">
          <reporter-output>
          </reporter-output>
        </test-method> <!-- setupDB -->
        <test-method status="PASS" signature="test01_addEmployees()[pri:0, instance:null(test.TestDatabase)]" name="test01_addEmployees" duration-ms="1579" started-at="2016-11-20T16:40:22Z" finished-at="2016-11-20T16:40:23Z">
          <reporter-output>
          </reporter-output>
        </test-method> <!-- test01_addEmployees -->
        <test-method status="PASS" signature="test02_addProducts()[pri:0, instance:null(test.TestDatabase)]" name="test02_addProducts" duration-ms="4719" started-at="2016-11-20T16:40:23Z" finished-at="2016-11-20T16:40:28Z">
          <reporter-output>
          </reporter-output>
        </test-method> <!-- test02_addProducts -->
        <test-method status="PASS" signature="test03_addCustomers()[pri:0, instance:null(test.TestDatabase)]" name="test03_addCustomers" duration-ms="3135" started-at="2016-11-20T16:40:28Z" finished-at="2016-11-20T16:40:31Z">
          <reporter-output>
          </reporter-output>
        </test-method> <!-- test03_addCustomers -->
        <test-method status="PASS" signature="test04_addAccounts()[pri:0, instance:null(test.TestDatabase)]" name="test04_addAccounts" duration-ms="1422" started-at="2016-11-20T16:40:31Z" finished-at="2016-11-20T16:40:33Z">
          <reporter-output>
          </reporter-output>
        </test-method> <!-- test04_addAccounts -->
        <test-method status="PASS" signature="test05_addComplaints()[pri:0, instance:null(test.TestDatabase)]" name="test05_addComplaints" duration-ms="362" started-at="2016-11-20T16:40:33Z" finished-at="2016-11-20T16:40:33Z">
          <reporter-output>
          </reporter-output>
        </test-method> <!-- test05_addComplaints -->
        <test-method status="PASS" signature="test06_addAccidents()[pri:0, instance:null(test.TestDatabase)]" name="test06_addAccidents" duration-ms="252" started-at="2016-11-20T16:40:33Z" finished-at="2016-11-20T16:40:33Z">
          <reporter-output>
          </reporter-output>
        </test-method> <!-- test06_addAccidents -->
        <test-method status="PASS" signature="test07_getDateAndTimeForProduct()[pri:0, instance:null(test.TestDatabase)]" name="test07_getDateAndTimeForProduct" duration-ms="127" started-at="2016-11-20T16:40:33Z" finished-at="2016-11-20T16:40:34Z">
          <reporter-output>
          </reporter-output>
        </test-method> <!-- test07_getDateAndTimeForProduct -->
        <test-method status="PASS" signature="test08_getProductsMadeByWorker()[pri:0, instance:null(test.TestDatabase)]" name="test08_getProductsMadeByWorker" duration-ms="341" started-at="2016-11-20T16:40:34Z" finished-at="2016-11-20T16:40:34Z">
          <reporter-output>
          </reporter-output>
        </test-method> <!-- test08_getProductsMadeByWorker -->
        <test-method status="PASS" signature="test09_getErrorByQC()[pri:0, instance:null(test.TestDatabase)]" name="test09_getErrorByQC" duration-ms="275" started-at="2016-11-20T16:40:34Z" finished-at="2016-11-20T16:40:34Z">
          <reporter-output>
          </reporter-output>
        </test-method> <!-- test09_getErrorByQC -->
        <test-method status="PASS" signature="test10_getCostProduct3RepairedBy()[pri:0, instance:null(test.TestDatabase)]" name="test10_getCostProduct3RepairedBy" duration-ms="279" started-at="2016-11-20T16:40:34Z" finished-at="2016-11-20T16:40:34Z">
          <reporter-output>
          </reporter-output>
        </test-method> <!-- test10_getCostProduct3RepairedBy -->
        <test-method status="PASS" signature="test11_getCustomerWhoPurchasedAllColor()[pri:0, instance:null(test.TestDatabase)]" name="test11_getCustomerWhoPurchasedAllColor" duration-ms="214" started-at="2016-11-20T16:40:34Z" finished-at="2016-11-20T16:40:35Z">
          <reporter-output>
          </reporter-output>
        </test-method> <!-- test11_getCustomerWhoPurchasedAllColor -->
        <test-method status="PASS" signature="test12_getWorkDaysLostFromRepairs()[pri:0, instance:null(test.TestDatabase)]" name="test12_getWorkDaysLostFromRepairs" duration-ms="43" started-at="2016-11-20T16:40:35Z" finished-at="2016-11-20T16:40:35Z">
          <reporter-output>
          </reporter-output>
        </test-method> <!-- test12_getWorkDaysLostFromRepairs -->
        <test-method status="PASS" signature="test13_getAllCustomersWhoAreWorkers()[pri:0, instance:null(test.TestDatabase)]" name="test13_getAllCustomersWhoAreWorkers" duration-ms="193" started-at="2016-11-20T16:40:35Z" finished-at="2016-11-20T16:40:35Z">
          <reporter-output>
          </reporter-output>
        </test-method> <!-- test13_getAllCustomersWhoAreWorkers -->
        <test-method status="PASS" signature="test14_customersPurchasedOwn()[pri:0, instance:null(test.TestDatabase)]" name="test14_customersPurchasedOwn" duration-ms="103" started-at="2016-11-20T16:40:35Z" finished-at="2016-11-20T16:40:35Z">
          <reporter-output>
          </reporter-output>
        </test-method> <!-- test14_customersPurchasedOwn -->
        <test-method status="PASS" signature="test15_averageCostProductYear()[pri:0, instance:null(test.TestDatabase)]" name="test15_averageCostProductYear" duration-ms="45" started-at="2016-11-20T16:40:35Z" finished-at="2016-11-20T16:40:35Z">
          <reporter-output>
          </reporter-output>
        </test-method> <!-- test15_averageCostProductYear -->
        <test-method status="PASS" signature="test16_switchTSandQC()[pri:0, instance:null(test.TestDatabase)]" name="test16_switchTSandQC" duration-ms="274" started-at="2016-11-20T16:40:35Z" finished-at="2016-11-20T16:40:35Z">
          <reporter-output>
          </reporter-output>
        </test-method> <!-- test16_switchTSandQC -->
        <test-method status="PASS" signature="test17_deleteAccidentsInRange()[pri:0, instance:null(test.TestDatabase)]" name="test17_deleteAccidentsInRange" duration-ms="166" started-at="2016-11-20T16:40:35Z" finished-at="2016-11-20T16:40:35Z">
          <reporter-output>
          </reporter-output>
        </test-method> <!-- test17_deleteAccidentsInRange -->
        <test-method status="PASS" signature="test19_export()[pri:0, instance:null(test.TestDatabase)]" name="test19_export" duration-ms="193" started-at="2016-11-20T16:40:35Z" finished-at="2016-11-20T16:40:36Z">
          <reporter-output>
          </reporter-output>
        </test-method> <!-- test19_export -->
        <test-method status="PASS" signature="test20_Error()[pri:0, instance:null(test.TestDatabase)]" name="test20_Error" duration-ms="351" started-at="2016-11-20T16:40:36Z" finished-at="2016-11-20T16:40:36Z">
          <reporter-output>
          </reporter-output>
        </test-method> <!-- test20_Error -->
        <test-method status="PASS" signature="test21_quit()[pri:0, instance:null(test.TestDatabase)]" name="test21_quit" duration-ms="3086" started-at="2016-11-20T16:40:36Z" finished-at="2016-11-20T16:40:39Z">
          <reporter-output>
          </reporter-output>
        </test-method> <!-- test21_quit -->
        <test-method status="PASS" signature="cleanupDB()[pri:0, instance:null(test.TestDatabase)]" name="cleanupDB" is-config="true" duration-ms="0" started-at="2016-11-20T16:40:39Z" finished-at="2016-11-20T16:40:39Z">
          <reporter-output>
          </reporter-output>
        </test-method> <!-- cleanupDB -->
      </class> <!-- test.TestDatabase -->
    </test> <!-- Default test -->
  </suite> <!-- Default suite -->
</testng-results>
